[0m20:09:20.433453 [debug] [MainThread]: Sending event: {'category': 'dbt', 'action': 'invocation', 'label': 'start', 'context': [<snowplow_tracker.self_describing_json.SelfDescribingJson object at 0x10c8fc980>, <snowplow_tracker.self_describing_json.SelfDescribingJson object at 0x10d83f750>, <snowplow_tracker.self_describing_json.SelfDescribingJson object at 0x10d83f890>]}


============================== 20:09:20.436586 | 5f06b8ba-c4cc-4403-b8c7-7785ddc128ed ==============================
[0m20:09:20.436586 [info ] [MainThread]: Running with dbt=1.11.7
[0m20:09:20.436924 [debug] [MainThread]: running dbt with arguments {'profiles_dir': '/Users/ashwinsureshbabu/.dbt', 'warn_error_options': 'WarnErrorOptionsV2(error=[], warn=[], silence=[])', 'no_print': 'None', 'debug': 'False', 'static_parser': 'True', 'indirect_selection': 'eager', 'warn_error': 'None', 'fail_fast': 'False', 'target_path': 'None', 'partial_parse': 'True', 'quiet': 'False', 'log_format': 'default', 'write_json': 'True', 'use_experimental_parser': 'False', 'log_path': 'logs', 'introspect': 'True', 'version_check': 'True', 'cache_selected_only': 'False', 'log_cache_events': 'False', 'empty': 'None', 'printer_width': '80', 'use_colors': 'True', 'invocation_command': 'dbt init housing_analytics', 'send_anonymous_usage_stats': 'True'}
[0m20:09:20.447987 [debug] [MainThread]: Starter project path: /Users/ashwinsureshbabu/irish-housing-analytics/venv/lib/python3.13/site-packages/dbt/include/starter_project
[0m20:09:20.451961 [info ] [MainThread]: 
Your new dbt project "housing_analytics" was created!

For more information on how to configure the profiles.yml file,
please consult the dbt documentation here:

  https://docs.getdbt.com/docs/configure-your-profile

One more thing:

Need help? Don't hesitate to reach out to us via GitHub issues or on Slack:

  https://community.getdbt.com/

Happy modeling!

[0m20:09:20.452161 [info ] [MainThread]: Setting up your profile.
[0m20:09:40.267926 [debug] [MainThread]: Snowflake adapter: Setting snowflake.connector to ERROR (file logging only)
[0m20:09:40.268361 [debug] [MainThread]: Snowflake adapter: Setting botocore to ERROR (file logging only)
[0m20:09:40.268522 [debug] [MainThread]: Snowflake adapter: Setting boto3 to ERROR (file logging only)
[0m20:10:52.575016 [info ] [MainThread]: Profile housing_analytics written to /Users/ashwinsureshbabu/.dbt/profiles.yml using target's profile_template.yml and your supplied values. Run 'dbt debug' to validate the connection.
[0m20:10:52.651656 [debug] [MainThread]: Resource report: {"command_name": "init", "command_success": true, "command_wall_clock_time": 92.26693, "process_in_blocks": "0", "process_kernel_time": 0.223702, "process_mem_max_rss": "138575872", "process_out_blocks": "0", "process_user_time": 0.861022}
[0m20:10:52.654846 [debug] [MainThread]: Command `dbt init` succeeded at 20:10:52.654584 after 92.27 seconds
[0m20:10:52.655989 [debug] [MainThread]: Sending event: {'category': 'dbt', 'action': 'invocation', 'label': 'end', 'context': [<snowplow_tracker.self_describing_json.SelfDescribingJson object at 0x10e9d4c30>, <snowplow_tracker.self_describing_json.SelfDescribingJson object at 0x10d6c7890>, <snowplow_tracker.self_describing_json.SelfDescribingJson object at 0x10e865ae0>]}
[0m20:10:52.656772 [debug] [MainThread]: Flushing usage events
[0m20:10:53.413636 [debug] [MainThread]: An error was encountered while trying to flush usage events
